<?xml version="1.0" encoding="UTF-8"?>
<testsuite xmlns:xsi="http://www.w3.org/2001/XMLSchema-instance" xsi:noNamespaceSchemaLocation="https://maven.apache.org/surefire/maven-surefire-plugin/xsd/surefire-test-report-3.0.xsd" version="3.0" name="com.ibmtoapigee.ibmToApigee.IbmToApigeeApplicationTests" time="2.877" tests="1" errors="0" skipped="0" failures="0">
  <properties>
[...]
</properties>
  <testcase name="contextLoads" classname="com.ibmtoapigee.ibmToApigee.IbmToApigeeApplicationTests" time="0.845">
    <system-out><![CDATA[16:37:13.642 [main] INFO org.springframework.test.context.support.AnnotationConfigContextLoaderUtils -- Could not detect default configuration classes for test class [com.ibmtoapigee.ibmToApigee.IbmToApigeeApplicationTests]: IbmToApigeeApplicationTests does not declare any static, non-private, non-final, nested classes annotated with @Configuration.
16:37:13.767 [main] INFO org.springframework.boot.test.context.SpringBootTestContextBootstrapper -- Found @SpringBootConfiguration com.ibmtoapigee.ibmToApigee.IbmToApigeeApplication for test class com.ibmtoapigee.ibmToApigee.IbmToApigeeApplicationTests
16:37:13.928 [main] INFO org.springframework.boot.devtools.restart.RestartApplicationListener -- Restart disabled due to context in which it is running

  .   ____          _            __ _ _
 /\\ / ___'_ __ _ _(_)_ __  __ _ \ \ \ \
( ( )\___ | '_ | '_| | '_ \/ _` | \ \ \ \
 \\/  ___)| |_)| | | | | || (_| |  ) ) ) )
  '  |____| .__|_| |_|_| |_\__, | / / / /
 =========|_|==============|___/=/_/_/_/
 :: Spring Boot ::                (v3.1.5)

2023-11-01T16:37:14.149+05:30  WARN 77319 --- [           main] ory$DuplicateJsonObjectContextCustomizer : 

Found multiple occurrences of org.json.JSONObject on the class path:

	jar:file:/Users/prafulsonawane/.m2/repository/org/json/json/20230227/json-20230227.jar!/org/json/JSONObject.class
	jar:file:/Users/prafulsonawane/.m2/repository/com/vaadin/external/google/android-json/0.0.20131108.vaadin1/android-json-0.0.20131108.vaadin1.jar!/org/json/JSONObject.class

You may wish to exclude one of them to ensure predictable runtime behavior

2023-11-01T16:37:14.170+05:30  INFO 77319 --- [           main] c.i.i.IbmToApigeeApplicationTests        : Starting IbmToApigeeApplicationTests using Java 17.0.2 with PID 77319 (started by prafulsonawane in /Users/prafulsonawane/Downloads/ibmToApigee)
2023-11-01T16:37:14.172+05:30  INFO 77319 --- [           main] c.i.i.IbmToApigeeApplicationTests        : No active profile set, falling back to 1 default profile: "default"
2023-11-01T16:37:14.953+05:30  INFO 77319 --- [           main] f.a.AutowiredAnnotationBeanPostProcessor : Autowired annotation is not supported on static fields: private static org.eclipse.jgit.api.Git com.ibmtoapigee.ibmToApigee.service.GitRepoDownloadService.git
2023-11-01T16:37:15.286+05:30  INFO 77319 --- [           main] o.s.b.a.w.s.WelcomePageHandlerMapping    : Adding welcome page template: index
2023-11-01T16:37:15.447+05:30  INFO 77319 --- [           main] c.i.i.IbmToApigeeApplicationTests        : Started IbmToApigeeApplicationTests in 1.534 seconds (process running for 2.582)
]]></system-out>
  </testcase>
</testsuite>